Performing C SOURCE FILE Test CMAKE_HAVE_LIBC_PTHREAD failed with the following output:
Change Dir: /home/drocode/ros_catkin_ws/build_isolated/roscpp/CMakeFiles/CMakeTmp

Run Build Command(s):/usr/bin/make cmTC_c706f/fast && /usr/bin/make -f CMakeFiles/cmTC_c706f.dir/build.make CMakeFiles/cmTC_c706f.dir/build
make[1]: Entering directory '/home/drocode/ros_catkin_ws/build_isolated/roscpp/CMakeFiles/CMakeTmp'
Building C object CMakeFiles/cmTC_c706f.dir/src.c.o
/usr/bin/cc   -DCMAKE_HAVE_LIBC_PTHREAD   -o CMakeFiles/cmTC_c706f.dir/src.c.o   -c /home/drocode/ros_catkin_ws/build_isolated/roscpp/CMakeFiles/CMakeTmp/src.c
Linking C executable cmTC_c706f
/usr/bin/cmake -E cmake_link_script CMakeFiles/cmTC_c706f.dir/link.txt --verbose=1
/usr/bin/cc  -DCMAKE_HAVE_LIBC_PTHREAD    -rdynamic CMakeFiles/cmTC_c706f.dir/src.c.o  -o cmTC_c706f 
/usr/bin/ld: CMakeFiles/cmTC_c706f.dir/src.c.o: in function `main':
src.c:(.text+0x40): undefined reference to `pthread_create'
/usr/bin/ld: src.c:(.text+0x4c): undefined reference to `pthread_detach'
/usr/bin/ld: src.c:(.text+0x5c): undefined reference to `pthread_join'
collect2: error: ld returned 1 exit status
make[1]: *** [CMakeFiles/cmTC_c706f.dir/build.make:87: cmTC_c706f] Error 1
make[1]: Leaving directory '/home/drocode/ros_catkin_ws/build_isolated/roscpp/CMakeFiles/CMakeTmp'
make: *** [Makefile:121: cmTC_c706f/fast] Error 2


Source file was:
#include <pthread.h>

void* test_func(void* data)
{
  return data;
}

int main(void)
{
  pthread_t thread;
  pthread_create(&thread, NULL, test_func, NULL);
  pthread_detach(thread);
  pthread_join(thread, NULL);
  pthread_atfork(NULL, NULL, NULL);
  pthread_exit(NULL);

  return 0;
}

Determining if the function pthread_create exists in the pthreads failed with the following output:
Change Dir: /home/drocode/ros_catkin_ws/build_isolated/roscpp/CMakeFiles/CMakeTmp

Run Build Command(s):/usr/bin/make cmTC_ebda4/fast && /usr/bin/make -f CMakeFiles/cmTC_ebda4.dir/build.make CMakeFiles/cmTC_ebda4.dir/build
make[1]: Entering directory '/home/drocode/ros_catkin_ws/build_isolated/roscpp/CMakeFiles/CMakeTmp'
Building C object CMakeFiles/cmTC_ebda4.dir/CheckFunctionExists.c.o
/usr/bin/cc   -DCHECK_FUNCTION_EXISTS=pthread_create   -o CMakeFiles/cmTC_ebda4.dir/CheckFunctionExists.c.o   -c /usr/share/cmake-3.16/Modules/CheckFunctionExists.c
Linking C executable cmTC_ebda4
/usr/bin/cmake -E cmake_link_script CMakeFiles/cmTC_ebda4.dir/link.txt --verbose=1
/usr/bin/cc  -DCHECK_FUNCTION_EXISTS=pthread_create    -rdynamic CMakeFiles/cmTC_ebda4.dir/CheckFunctionExists.c.o  -o cmTC_ebda4  -lpthreads 
/usr/bin/ld: cannot find -lpthreads
collect2: error: ld returned 1 exit status
make[1]: *** [CMakeFiles/cmTC_ebda4.dir/build.make:87: cmTC_ebda4] Error 1
make[1]: Leaving directory '/home/drocode/ros_catkin_ws/build_isolated/roscpp/CMakeFiles/CMakeTmp'
make: *** [Makefile:121: cmTC_ebda4/fast] Error 2



Determining if the function trunc exists failed with the following output:
Change Dir: /home/drocode/ros_catkin_ws/build_isolated/roscpp/CMakeFiles/CMakeTmp

Run Build Command(s):/usr/bin/make cmTC_1a265/fast && /usr/bin/make -f CMakeFiles/cmTC_1a265.dir/build.make CMakeFiles/cmTC_1a265.dir/build
make[1]: Entering directory '/home/drocode/ros_catkin_ws/build_isolated/roscpp/CMakeFiles/CMakeTmp'
Building C object CMakeFiles/cmTC_1a265.dir/CheckFunctionExists.c.o
/usr/bin/cc   -DCHECK_FUNCTION_EXISTS=trunc   -o CMakeFiles/cmTC_1a265.dir/CheckFunctionExists.c.o   -c /usr/share/cmake-3.16/Modules/CheckFunctionExists.c
<command-line>: warning: conflicting types for built-in function ‘trunc’ [-Wbuiltin-declaration-mismatch]
/usr/share/cmake-3.16/Modules/CheckFunctionExists.c:7:3: note: in expansion of macro ‘CHECK_FUNCTION_EXISTS’
   CHECK_FUNCTION_EXISTS(void);
   ^~~~~~~~~~~~~~~~~~~~~
Linking C executable cmTC_1a265
/usr/bin/cmake -E cmake_link_script CMakeFiles/cmTC_1a265.dir/link.txt --verbose=1
/usr/bin/cc  -DCHECK_FUNCTION_EXISTS=trunc    -rdynamic CMakeFiles/cmTC_1a265.dir/CheckFunctionExists.c.o  -o cmTC_1a265 
/usr/bin/ld: CMakeFiles/cmTC_1a265.dir/CheckFunctionExists.c.o: in function `main':
CheckFunctionExists.c:(.text+0x14): undefined reference to `trunc'
collect2: error: ld returned 1 exit status
make[1]: *** [CMakeFiles/cmTC_1a265.dir/build.make:87: cmTC_1a265] Error 1
make[1]: Leaving directory '/home/drocode/ros_catkin_ws/build_isolated/roscpp/CMakeFiles/CMakeTmp'
make: *** [Makefile:121: cmTC_1a265/fast] Error 2



