Performing C SOURCE FILE Test CMAKE_HAVE_LIBC_PTHREAD failed with the following output:
Change Dir: /home/drocode/ros_catkin_ws/build_isolated/xmlrpcpp/CMakeFiles/CMakeTmp

Run Build Command(s):/usr/bin/make cmTC_d51ce/fast && /usr/bin/make -f CMakeFiles/cmTC_d51ce.dir/build.make CMakeFiles/cmTC_d51ce.dir/build
make[1]: Entering directory '/home/drocode/ros_catkin_ws/build_isolated/xmlrpcpp/CMakeFiles/CMakeTmp'
Building C object CMakeFiles/cmTC_d51ce.dir/src.c.o
/usr/bin/cc   -DCMAKE_HAVE_LIBC_PTHREAD   -o CMakeFiles/cmTC_d51ce.dir/src.c.o   -c /home/drocode/ros_catkin_ws/build_isolated/xmlrpcpp/CMakeFiles/CMakeTmp/src.c
Linking C executable cmTC_d51ce
/usr/bin/cmake -E cmake_link_script CMakeFiles/cmTC_d51ce.dir/link.txt --verbose=1
/usr/bin/cc  -DCMAKE_HAVE_LIBC_PTHREAD    -rdynamic CMakeFiles/cmTC_d51ce.dir/src.c.o  -o cmTC_d51ce 
/usr/bin/ld: CMakeFiles/cmTC_d51ce.dir/src.c.o: in function `main':
src.c:(.text+0x40): undefined reference to `pthread_create'
/usr/bin/ld: src.c:(.text+0x4c): undefined reference to `pthread_detach'
/usr/bin/ld: src.c:(.text+0x5c): undefined reference to `pthread_join'
collect2: error: ld returned 1 exit status
make[1]: *** [CMakeFiles/cmTC_d51ce.dir/build.make:87: cmTC_d51ce] Error 1
make[1]: Leaving directory '/home/drocode/ros_catkin_ws/build_isolated/xmlrpcpp/CMakeFiles/CMakeTmp'
make: *** [Makefile:121: cmTC_d51ce/fast] Error 2


Source file was:
#include <pthread.h>

void* test_func(void* data)
{
  return data;
}

int main(void)
{
  pthread_t thread;
  pthread_create(&thread, NULL, test_func, NULL);
  pthread_detach(thread);
  pthread_join(thread, NULL);
  pthread_atfork(NULL, NULL, NULL);
  pthread_exit(NULL);

  return 0;
}

Determining if the function pthread_create exists in the pthreads failed with the following output:
Change Dir: /home/drocode/ros_catkin_ws/build_isolated/xmlrpcpp/CMakeFiles/CMakeTmp

Run Build Command(s):/usr/bin/make cmTC_3c0bf/fast && /usr/bin/make -f CMakeFiles/cmTC_3c0bf.dir/build.make CMakeFiles/cmTC_3c0bf.dir/build
make[1]: Entering directory '/home/drocode/ros_catkin_ws/build_isolated/xmlrpcpp/CMakeFiles/CMakeTmp'
Building C object CMakeFiles/cmTC_3c0bf.dir/CheckFunctionExists.c.o
/usr/bin/cc   -DCHECK_FUNCTION_EXISTS=pthread_create   -o CMakeFiles/cmTC_3c0bf.dir/CheckFunctionExists.c.o   -c /usr/share/cmake-3.16/Modules/CheckFunctionExists.c
Linking C executable cmTC_3c0bf
/usr/bin/cmake -E cmake_link_script CMakeFiles/cmTC_3c0bf.dir/link.txt --verbose=1
/usr/bin/cc  -DCHECK_FUNCTION_EXISTS=pthread_create    -rdynamic CMakeFiles/cmTC_3c0bf.dir/CheckFunctionExists.c.o  -o cmTC_3c0bf  -lpthreads 
/usr/bin/ld: cannot find -lpthreads
collect2: error: ld returned 1 exit status
make[1]: *** [CMakeFiles/cmTC_3c0bf.dir/build.make:87: cmTC_3c0bf] Error 1
make[1]: Leaving directory '/home/drocode/ros_catkin_ws/build_isolated/xmlrpcpp/CMakeFiles/CMakeTmp'
make: *** [Makefile:121: cmTC_3c0bf/fast] Error 2



